<?xml version="1.0" encoding="UTF-8"?>
<testsuite name="org.springframework.samples.petclinic.owner.OwnerControllerTests" tests="12" skipped="0" failures="0" errors="0" timestamp="2023-08-23T01:25:49" hostname="krlosaren.local" time="0.174">
  <properties/>
  <testcase name="testProcessUpdateOwnerFormHasErrors()" classname="org.springframework.samples.petclinic.owner.OwnerControllerTests" time="0.078"/>
  <testcase name="testProcessCreationFormSuccess()" classname="org.springframework.samples.petclinic.owner.OwnerControllerTests" time="0.004"/>
  <testcase name="testInitFindForm()" classname="org.springframework.samples.petclinic.owner.OwnerControllerTests" time="0.009"/>
  <testcase name="testShowOwner()" classname="org.springframework.samples.petclinic.owner.OwnerControllerTests" time="0.018"/>
  <testcase name="testInitUpdateOwnerForm()" classname="org.springframework.samples.petclinic.owner.OwnerControllerTests" time="0.012"/>
  <testcase name="testInitCreationForm()" classname="org.springframework.samples.petclinic.owner.OwnerControllerTests" time="0.007"/>
  <testcase name="testProcessFindFormByLastName()" classname="org.springframework.samples.petclinic.owner.OwnerControllerTests" time="0.006"/>
  <testcase name="testProcessFindFormNoOwnersFound()" classname="org.springframework.samples.petclinic.owner.OwnerControllerTests" time="0.007"/>
  <testcase name="testProcessFindFormSuccess()" classname="org.springframework.samples.petclinic.owner.OwnerControllerTests" time="0.011"/>
  <testcase name="testProcessUpdateOwnerFormSuccess()" classname="org.springframework.samples.petclinic.owner.OwnerControllerTests" time="0.004"/>
  <testcase name="testProcessCreationFormHasErrors()" classname="org.springframework.samples.petclinic.owner.OwnerControllerTests" time="0.009"/>
  <testcase name="testProcessUpdateOwnerFormUnchangedSuccess()" classname="org.springframework.samples.petclinic.owner.OwnerControllerTests" time="0.003"/>
  <system-out><![CDATA[2023-08-22 21:25:48.797  INFO 77707 --- [    Test worker] .b.t.a.w.s.WebMvcTestContextBootstrapper : Neither @ContextConfiguration nor @ContextHierarchy found for test class [org.springframework.samples.petclinic.owner.OwnerControllerTests], using SpringBootContextLoader
2023-08-22 21:25:48.797  INFO 77707 --- [    Test worker] o.s.t.c.support.AbstractContextLoader    : Could not detect default resource locations for test class [org.springframework.samples.petclinic.owner.OwnerControllerTests]: no resource found for suffixes {-context.xml, Context.groovy}.
2023-08-22 21:25:48.797  INFO 77707 --- [    Test worker] t.c.s.AnnotationConfigContextLoaderUtils : Could not detect default configuration classes for test class [org.springframework.samples.petclinic.owner.OwnerControllerTests]: OwnerControllerTests does not declare any static, non-private, non-final, nested classes annotated with @Configuration.
2023-08-22 21:25:48.810  INFO 77707 --- [    Test worker] .b.t.c.SpringBootTestContextBootstrapper : Found @SpringBootConfiguration org.springframework.samples.petclinic.PetClinicApplication for test class org.springframework.samples.petclinic.owner.OwnerControllerTests
2023-08-22 21:25:48.810  INFO 77707 --- [    Test worker] .b.t.a.w.s.WebMvcTestContextBootstrapper : Loaded default TestExecutionListener class names from location [META-INF/spring.factories]: [org.springframework.boot.test.autoconfigure.restdocs.RestDocsTestExecutionListener, org.springframework.boot.test.autoconfigure.web.client.MockRestServiceServerResetTestExecutionListener, org.springframework.boot.test.autoconfigure.web.servlet.MockMvcPrintOnlyOnFailureTestExecutionListener, org.springframework.boot.test.autoconfigure.web.servlet.WebDriverTestExecutionListener, org.springframework.boot.test.autoconfigure.webservices.client.MockWebServiceServerTestExecutionListener, org.springframework.boot.test.mock.mockito.MockitoTestExecutionListener, org.springframework.boot.test.mock.mockito.ResetMocksTestExecutionListener, org.springframework.test.context.web.ServletTestExecutionListener, org.springframework.test.context.support.DirtiesContextBeforeModesTestExecutionListener, org.springframework.test.context.event.ApplicationEventsTestExecutionListener, org.springframework.test.context.support.DependencyInjectionTestExecutionListener, org.springframework.test.context.support.DirtiesContextTestExecutionListener, org.springframework.test.context.transaction.TransactionalTestExecutionListener, org.springframework.test.context.jdbc.SqlScriptsTestExecutionListener, org.springframework.test.context.event.EventPublishingTestExecutionListener]
2023-08-22 21:25:48.811  INFO 77707 --- [    Test worker] .b.t.a.w.s.WebMvcTestContextBootstrapper : Using TestExecutionListeners: [org.springframework.test.context.web.ServletTestExecutionListener@6ae247b7, org.springframework.test.context.support.DirtiesContextBeforeModesTestExecutionListener@53fd061d, org.springframework.test.context.event.ApplicationEventsTestExecutionListener@296c0293, org.springframework.boot.test.mock.mockito.MockitoTestExecutionListener@3f976f43, org.springframework.boot.test.autoconfigure.SpringBootDependencyInjectionTestExecutionListener@473048f9, org.springframework.test.context.support.DirtiesContextTestExecutionListener@7c4663ec, org.springframework.test.context.transaction.TransactionalTestExecutionListener@35f79e6d, org.springframework.test.context.jdbc.SqlScriptsTestExecutionListener@319e02e7, org.springframework.test.context.event.EventPublishingTestExecutionListener@742ce3ad, org.springframework.boot.test.autoconfigure.restdocs.RestDocsTestExecutionListener@3bbab7c7, org.springframework.boot.test.autoconfigure.web.client.MockRestServiceServerResetTestExecutionListener@3237522b, org.springframework.boot.test.autoconfigure.web.servlet.MockMvcPrintOnlyOnFailureTestExecutionListener@73ffe7b0, org.springframework.boot.test.autoconfigure.web.servlet.WebDriverTestExecutionListener@60dd53e9, org.springframework.boot.test.autoconfigure.webservices.client.MockWebServiceServerTestExecutionListener@eb7d4ba, org.springframework.boot.test.mock.mockito.ResetMocksTestExecutionListener@699794d]


              |\      _,,,--,,_
             /,`.-'`'   ._  \-;;,_
  _______ __|,4-  ) )_   .;.(__`'-'__     ___ __    _ ___ _______
 |       | '---''(_/._)-'(_\_)   |   |   |   |  |  | |   |       |
 |    _  |    ___|_     _|       |   |   |   |   |_| |   |       | __ _ _
 |   |_| |   |___  |   | |       |   |   |   |       |   |       | \ \ \ \
 |    ___|    ___| |   | |      _|   |___|   |  _    |   |      _|  \ \ \ \
 |   |   |   |___  |   | |     |_|       |   | | |   |   |     |_    ) ) ) )
 |___|   |_______| |___| |_______|_______|___|_|  |__|___|_______|  / / / /
 ==================================================================/_/_/_/

:: Built with Spring Boot :: 2.6.6


2023-08-22 21:25:48.832  INFO 77707 --- [    Test worker] o.s.s.p.owner.OwnerControllerTests       : Starting OwnerControllerTests using Java 11.0.17 on krlosaren.local with PID 77707 (started by krlosaren in /Users/krlosaren/projects/devops-foundation/pet-clinic)
2023-08-22 21:25:48.832  INFO 77707 --- [    Test worker] o.s.s.p.owner.OwnerControllerTests       : No active profile set, falling back to 1 default profile: "default"
2023-08-22 21:25:49.587  INFO 77707 --- [    Test worker] o.s.b.t.m.w.SpringBootMockServletContext : Initializing Spring TestDispatcherServlet ''
2023-08-22 21:25:49.587  INFO 77707 --- [    Test worker] o.s.t.web.servlet.TestDispatcherServlet  : Initializing Servlet ''
2023-08-22 21:25:49.588  INFO 77707 --- [    Test worker] o.s.t.web.servlet.TestDispatcherServlet  : Completed initialization in 1 ms
2023-08-22 21:25:49.596  INFO 77707 --- [    Test worker] o.s.s.p.owner.OwnerControllerTests       : Started OwnerControllerTests in 0.781 seconds (JVM running for 5.712)
]]></system-out>
  <system-err><![CDATA[]]></system-err>
</testsuite>
